2025-09-17 11:22:03,100 - twilio.http_client - INFO - -- BEGIN Twilio API Request --
2025-09-17 11:22:03,100 - twilio.http_client - INFO - POST Request: https://api.twilio.com/2010-04-01/Accounts/AC777482e74ecefadaeb3e9b7f99251c02/Calls.json
2025-09-17 11:22:03,100 - twilio.http_client - INFO - Headers:
2025-09-17 11:22:03,101 - twilio.http_client - INFO - Content-Type : application/x-www-form-urlencoded
2025-09-17 11:22:03,101 - twilio.http_client - INFO - User-Agent : twilio-python/9.3.3 (Windows AMD64) Python/3.13.5
2025-09-17 11:22:03,101 - twilio.http_client - INFO - X-Twilio-Client : python-9.3.3
2025-09-17 11:22:03,101 - twilio.http_client - INFO - Accept-Charset : utf-8
2025-09-17 11:22:03,101 - twilio.http_client - INFO - Accept : application/json
2025-09-17 11:22:03,104 - twilio.http_client - INFO - -- END Twilio API Request --
2025-09-17 11:22:04,911 - twilio.http_client - INFO - Response Status Code: 400
2025-09-17 11:22:04,911 - twilio.http_client - INFO - Response Headers: {'Content-Type': 'application/json', 'Content-Length': '189', 'Connection': 'keep-alive', 'Date': 'Wed, 17 Sep 2025 05:52:06 GMT', 'X-Twilio-Error-Code': '21219', 'Twilio-Concurrent-Requests': '1', 'Twilio-Request-Id': 'RQfde740554d2ec0e5aebae19c089893af', 'Twilio-Request-Duration': '0.060', 'X-Home-Region': 'us1', 'X-API-Domain': 'api.twilio.com', 'Strict-Transport-Security': 'max-age=31536000', 'X-Cache': 'Error from cloudfront', 'Via': '1.1 081607a858063589c040a421094f113c.cloudfront.net (CloudFront)', 'X-Amz-Cf-Pop': 'PNQ50-P4', 'X-Amz-Cf-Id': 'rVuFV_xy3T9wNEMQvrYXFHdrc_KAsahhbI7b43gsOpe2eSfS_9AmYA==', 'X-Powered-By': 'AT-5000', 'X-Shenanigans': 'none', 'Vary': 'Origin'}
2025-09-17 11:23:49,931 - twilio.http_client - INFO - -- BEGIN Twilio API Request --
2025-09-17 11:23:49,932 - twilio.http_client - INFO - POST Request: https://api.twilio.com/2010-04-01/Accounts/AC777482e74ecefadaeb3e9b7f99251c02/Calls.json
2025-09-17 11:23:49,932 - twilio.http_client - INFO - Headers:
2025-09-17 11:23:49,932 - twilio.http_client - INFO - Content-Type : application/x-www-form-urlencoded
2025-09-17 11:23:49,932 - twilio.http_client - INFO - User-Agent : twilio-python/9.3.3 (Windows AMD64) Python/3.13.5
2025-09-17 11:23:49,932 - twilio.http_client - INFO - X-Twilio-Client : python-9.3.3
2025-09-17 11:23:49,932 - twilio.http_client - INFO - Accept-Charset : utf-8
2025-09-17 11:23:49,932 - twilio.http_client - INFO - Accept : application/json
2025-09-17 11:23:49,932 - twilio.http_client - INFO - -- END Twilio API Request --
2025-09-17 11:23:51,325 - twilio.http_client - INFO - Response Status Code: 201
2025-09-17 11:23:51,325 - twilio.http_client - INFO - Response Headers: {'Content-Type': 'application/json;charset=utf-8', 'Content-Length': '2011', 'Connection': 'keep-alive', 'Date': 'Wed, 17 Sep 2025 05:53:52 GMT', 'Location': 'https://call-service.us1.svc.twilio.com/v2/Accounts/CA059bd2c7a4545e9f52e14a13ea9fec96', 'Twilio-Concurrent-Requests': '1', 'Twilio-Request-Id': 'RQ031d10b637b530dda9b7d3c97fad0f41', 'Twilio-Request-Duration': '0.073', 'X-Home-Region': 'us1', 'X-API-Domain': 'api.twilio.com', 'Strict-Transport-Security': 'max-age=31536000', 'X-Cache': 'Miss from cloudfront', 'Via': '1.1 4eb0e2cd7343526465c4a645a83f4b22.cloudfront.net (CloudFront)', 'X-Amz-Cf-Pop': 'PNQ50-P4', 'X-Amz-Cf-Id': '-cqj_kxsEjRHwWuMGSc56GB-CO2kh7JjT1OG804k_DWnZXvcvhzexA==', 'X-Powered-By': 'AT-5000', 'X-Shenanigans': 'none', 'Vary': 'Origin'}
2025-09-17 11:29:30,346 - twilio.http_client - INFO - -- BEGIN Twilio API Request --
2025-09-17 11:29:30,346 - twilio.http_client - INFO - POST Request: https://api.twilio.com/2010-04-01/Accounts/AC777482e74ecefadaeb3e9b7f99251c02/Calls.json
2025-09-17 11:29:30,346 - twilio.http_client - INFO - Headers:
2025-09-17 11:29:30,346 - twilio.http_client - INFO - Content-Type : application/x-www-form-urlencoded
2025-09-17 11:29:30,346 - twilio.http_client - INFO - User-Agent : twilio-python/9.3.3 (Windows AMD64) Python/3.13.5
2025-09-17 11:29:30,346 - twilio.http_client - INFO - X-Twilio-Client : python-9.3.3
2025-09-17 11:29:30,346 - twilio.http_client - INFO - Accept-Charset : utf-8
2025-09-17 11:29:30,346 - twilio.http_client - INFO - Accept : application/json
2025-09-17 11:29:30,347 - twilio.http_client - INFO - -- END Twilio API Request --
2025-09-17 11:29:32,318 - twilio.http_client - INFO - Response Status Code: 201
2025-09-17 11:29:32,318 - twilio.http_client - INFO - Response Headers: {'Content-Type': 'application/json;charset=utf-8', 'Content-Length': '2011', 'Connection': 'keep-alive', 'Date': 'Wed, 17 Sep 2025 05:59:33 GMT', 'Location': 'https://call-service.us1.svc.twilio.com/v2/Accounts/CAc4115b911da4f608ab02f0e60aae595d', 'Twilio-Concurrent-Requests': '1', 'Twilio-Request-Id': 'RQf5a3d4b21dda7cec251e1dc0eadda157', 'Twilio-Request-Duration': '0.074', 'X-Home-Region': 'us1', 'X-API-Domain': 'api.twilio.com', 'Strict-Transport-Security': 'max-age=31536000', 'X-Cache': 'Miss from cloudfront', 'Via': '1.1 576b5e04f044b009ca2e42d84f79b3f6.cloudfront.net (CloudFront)', 'X-Amz-Cf-Pop': 'PNQ50-P4', 'X-Amz-Cf-Id': 'T7tYZyPGXHDoQapFWYE7X_sb30HyItm4HDkaGj7l5qTbbybLmui8mA==', 'X-Powered-By': 'AT-5000', 'X-Shenanigans': 'none', 'Vary': 'Origin'}
2025-09-17 11:30:20,753 - twilio.http_client - INFO - -- BEGIN Twilio API Request --
2025-09-17 11:30:20,753 - twilio.http_client - INFO - POST Request: https://api.twilio.com/2010-04-01/Accounts/AC777482e74ecefadaeb3e9b7f99251c02/Calls.json
2025-09-17 11:30:20,754 - twilio.http_client - INFO - Headers:
2025-09-17 11:30:20,754 - twilio.http_client - INFO - Content-Type : application/x-www-form-urlencoded
2025-09-17 11:30:20,754 - twilio.http_client - INFO - User-Agent : twilio-python/9.3.3 (Windows AMD64) Python/3.13.5
2025-09-17 11:30:20,754 - twilio.http_client - INFO - X-Twilio-Client : python-9.3.3
2025-09-17 11:30:20,755 - twilio.http_client - INFO - Accept-Charset : utf-8
2025-09-17 11:30:20,755 - twilio.http_client - INFO - Accept : application/json
2025-09-17 11:30:20,755 - twilio.http_client - INFO - -- END Twilio API Request --
2025-09-17 11:30:22,104 - twilio.http_client - INFO - Response Status Code: 400
2025-09-17 11:30:22,105 - twilio.http_client - INFO - Response Headers: {'Content-Type': 'application/json', 'Content-Length': '190', 'Connection': 'keep-alive', 'Date': 'Wed, 17 Sep 2025 06:00:23 GMT', 'X-Twilio-Error-Code': '21219', 'Twilio-Concurrent-Requests': '1', 'Twilio-Request-Id': 'RQd9443e7c40c0982dd349385d0996ea27', 'Twilio-Request-Duration': '0.028', 'X-Home-Region': 'us1', 'X-API-Domain': 'api.twilio.com', 'Strict-Transport-Security': 'max-age=31536000', 'X-Cache': 'Error from cloudfront', 'Via': '1.1 95e4d46944eba5eaecbb038464c027d8.cloudfront.net (CloudFront)', 'X-Amz-Cf-Pop': 'PNQ50-P4', 'X-Amz-Cf-Id': 'a21Kg2-W4Z3gyBO1NwpS8qI04egHQuLW9GvwCqmlzxJWWK5AQUPX3Q==', 'X-Powered-By': 'AT-5000', 'X-Shenanigans': 'none', 'Vary': 'Origin'}
2025-09-17 11:38:46,015 - twilio.http_client - INFO - -- BEGIN Twilio API Request --
2025-09-17 11:38:46,015 - twilio.http_client - INFO - POST Request: https://api.twilio.com/2010-04-01/Accounts/AC777482e74ecefadaeb3e9b7f99251c02/Calls.json
2025-09-17 11:38:46,016 - twilio.http_client - INFO - Headers:
2025-09-17 11:38:46,016 - twilio.http_client - INFO - Content-Type : application/x-www-form-urlencoded
2025-09-17 11:38:46,016 - twilio.http_client - INFO - User-Agent : twilio-python/9.3.3 (Windows AMD64) Python/3.13.5
2025-09-17 11:38:46,016 - twilio.http_client - INFO - X-Twilio-Client : python-9.3.3
2025-09-17 11:38:46,016 - twilio.http_client - INFO - Accept-Charset : utf-8
2025-09-17 11:38:46,016 - twilio.http_client - INFO - Accept : application/json
2025-09-17 11:38:46,016 - twilio.http_client - INFO - -- END Twilio API Request --
2025-09-17 11:38:47,795 - twilio.http_client - INFO - Response Status Code: 201
2025-09-17 11:38:47,796 - twilio.http_client - INFO - Response Headers: {'Content-Type': 'application/json;charset=utf-8', 'Content-Length': '2011', 'Connection': 'keep-alive', 'Date': 'Wed, 17 Sep 2025 06:08:49 GMT', 'Location': 'https://call-service.us1.svc.twilio.com/v2/Accounts/CA942c47968ac7331ddce1837e6cc7e7c1', 'Twilio-Concurrent-Requests': '1', 'Twilio-Request-Id': 'RQd1137722e18803858093a6e61f8fb981', 'Twilio-Request-Duration': '0.102', 'X-Home-Region': 'us1', 'X-API-Domain': 'api.twilio.com', 'Strict-Transport-Security': 'max-age=31536000', 'X-Cache': 'Miss from cloudfront', 'Via': '1.1 4eb0e2cd7343526465c4a645a83f4b22.cloudfront.net (CloudFront)', 'X-Amz-Cf-Pop': 'PNQ50-P4', 'X-Amz-Cf-Id': 'rDAwd93813Wbugcbvll64sLyUj8UdcX0ahcDVuzN36UPYuZ1eqKbBw==', 'X-Powered-By': 'AT-5000', 'X-Shenanigans': 'none', 'Vary': 'Origin'}
2025-09-17 12:01:15,319 - twilio.http_client - INFO - -- BEGIN Twilio API Request --
2025-09-17 12:01:15,319 - twilio.http_client - INFO - POST Request: https://api.twilio.com/2010-04-01/Accounts/AC777482e74ecefadaeb3e9b7f99251c02/Calls.json
2025-09-17 12:01:15,320 - twilio.http_client - INFO - Headers:
2025-09-17 12:01:15,320 - twilio.http_client - INFO - Content-Type : application/x-www-form-urlencoded
2025-09-17 12:01:15,320 - twilio.http_client - INFO - User-Agent : twilio-python/9.3.3 (Windows AMD64) Python/3.13.5
2025-09-17 12:01:15,320 - twilio.http_client - INFO - X-Twilio-Client : python-9.3.3
2025-09-17 12:01:15,320 - twilio.http_client - INFO - Accept-Charset : utf-8
2025-09-17 12:01:15,320 - twilio.http_client - INFO - Accept : application/json
2025-09-17 12:01:15,320 - twilio.http_client - INFO - -- END Twilio API Request --
2025-09-17 12:01:17,037 - twilio.http_client - INFO - Response Status Code: 400
2025-09-17 12:01:17,037 - twilio.http_client - INFO - Response Headers: {'Content-Type': 'application/json', 'Content-Length': '189', 'Connection': 'keep-alive', 'Date': 'Wed, 17 Sep 2025 06:31:18 GMT', 'X-Twilio-Error-Code': '21219', 'Twilio-Concurrent-Requests': '1', 'Twilio-Request-Id': 'RQb95ee33ffe4bd139e95b97cea728c85b', 'Twilio-Request-Duration': '0.050', 'X-Home-Region': 'us1', 'X-API-Domain': 'api.twilio.com', 'Strict-Transport-Security': 'max-age=31536000', 'X-Cache': 'Error from cloudfront', 'Via': '1.1 be9921ed44999000cb00d685362eda64.cloudfront.net (CloudFront)', 'X-Amz-Cf-Pop': 'PNQ50-P4', 'X-Amz-Cf-Id': 'bxj3u28B0XDuY_OpBvVXyjiSt1IoSWzimtulwGgh-uzVBAXQEgTpyw==', 'X-Powered-By': 'AT-5000', 'X-Shenanigans': 'none', 'Vary': 'Origin'}
2025-09-17 12:10:04,466 - twilio.http_client - INFO - -- BEGIN Twilio API Request --
2025-09-17 12:10:04,466 - twilio.http_client - INFO - POST Request: https://api.twilio.com/2010-04-01/Accounts/AC777482e74ecefadaeb3e9b7f99251c02/Calls.json
2025-09-17 12:10:04,466 - twilio.http_client - INFO - Headers:
2025-09-17 12:10:04,466 - twilio.http_client - INFO - Content-Type : application/x-www-form-urlencoded
2025-09-17 12:10:04,467 - twilio.http_client - INFO - User-Agent : twilio-python/9.3.3 (Windows AMD64) Python/3.13.5
2025-09-17 12:10:04,467 - twilio.http_client - INFO - X-Twilio-Client : python-9.3.3
2025-09-17 12:10:04,467 - twilio.http_client - INFO - Accept-Charset : utf-8
2025-09-17 12:10:04,467 - twilio.http_client - INFO - Accept : application/json
2025-09-17 12:10:04,467 - twilio.http_client - INFO - -- END Twilio API Request --
2025-09-17 12:10:05,834 - twilio.http_client - INFO - Response Status Code: 201
2025-09-17 12:10:05,835 - twilio.http_client - INFO - Response Headers: {'Content-Type': 'application/json;charset=utf-8', 'Content-Length': '2011', 'Connection': 'keep-alive', 'Date': 'Wed, 17 Sep 2025 06:40:07 GMT', 'Location': 'https://call-service.us1.svc.twilio.com/v2/Accounts/CA433b7f0c0f1daeb746961e8f93744be0', 'Twilio-Concurrent-Requests': '1', 'Twilio-Request-Id': 'RQ25e9a83a36de5a550d56a63502a620b5', 'Twilio-Request-Duration': '0.101', 'X-Home-Region': 'us1', 'X-API-Domain': 'api.twilio.com', 'Strict-Transport-Security': 'max-age=31536000', 'X-Cache': 'Miss from cloudfront', 'Via': '1.1 33dd9d770e5ef5f46cbf023864e1dfe0.cloudfront.net (CloudFront)', 'X-Amz-Cf-Pop': 'PNQ50-P4', 'X-Amz-Cf-Id': 'w-8AJOHwyKUcnRXLduYPSOT3aVr4aUGg0hC0X9H97vJoQQo1KYdFSA==', 'X-Powered-By': 'AT-5000', 'X-Shenanigans': 'none', 'Vary': 'Origin'}
2025-09-17 12:22:36,602 - twilio.http_client - INFO - -- BEGIN Twilio API Request --
2025-09-17 12:22:36,604 - twilio.http_client - INFO - POST Request: https://api.twilio.com/2010-04-01/Accounts/AC777482e74ecefadaeb3e9b7f99251c02/Calls.json
2025-09-17 12:22:36,605 - twilio.http_client - INFO - Headers:
2025-09-17 12:22:36,605 - twilio.http_client - INFO - Content-Type : application/x-www-form-urlencoded
2025-09-17 12:22:36,605 - twilio.http_client - INFO - User-Agent : twilio-python/9.3.3 (Windows AMD64) Python/3.13.5
2025-09-17 12:22:36,605 - twilio.http_client - INFO - X-Twilio-Client : python-9.3.3
2025-09-17 12:22:36,606 - twilio.http_client - INFO - Accept-Charset : utf-8
2025-09-17 12:22:36,606 - twilio.http_client - INFO - Accept : application/json
2025-09-17 12:22:36,606 - twilio.http_client - INFO - -- END Twilio API Request --
2025-09-17 12:22:38,497 - twilio.http_client - INFO - Response Status Code: 201
2025-09-17 12:22:38,497 - twilio.http_client - INFO - Response Headers: {'Content-Type': 'application/json;charset=utf-8', 'Content-Length': '2011', 'Connection': 'keep-alive', 'Date': 'Wed, 17 Sep 2025 06:52:39 GMT', 'Location': 'https://call-service.us1.svc.twilio.com/v2/Accounts/CA70c74031d133dd794e0ba7e3b48db05f', 'Twilio-Concurrent-Requests': '1', 'Twilio-Request-Id': 'RQ15e1efbebb1a2933418af8cbc5270896', 'Twilio-Request-Duration': '0.086', 'X-Home-Region': 'us1', 'X-API-Domain': 'api.twilio.com', 'Strict-Transport-Security': 'max-age=31536000', 'X-Cache': 'Miss from cloudfront', 'Via': '1.1 e7f05b449e0c02865fc04797285f6b34.cloudfront.net (CloudFront)', 'X-Amz-Cf-Pop': 'PNQ50-P4', 'X-Amz-Cf-Id': 'mpLOQBO0FjAO3iQHQ7u1YxGH4Bz8U8R4JyVLpTCQ1sTpmhFaIL9I4A==', 'X-Powered-By': 'AT-5000', 'X-Shenanigans': 'none', 'Vary': 'Origin'}
2025-09-17 13:55:46,852 - twilio.http_client - INFO - -- BEGIN Twilio API Request --
2025-09-17 13:55:46,853 - twilio.http_client - INFO - POST Request: https://api.twilio.com/2010-04-01/Accounts/AC777482e74ecefadaeb3e9b7f99251c02/Calls.json
2025-09-17 13:55:46,853 - twilio.http_client - INFO - Headers:
2025-09-17 13:55:46,853 - twilio.http_client - INFO - Content-Type : application/x-www-form-urlencoded
2025-09-17 13:55:46,853 - twilio.http_client - INFO - User-Agent : twilio-python/9.3.3 (Windows AMD64) Python/3.13.5
2025-09-17 13:55:46,854 - twilio.http_client - INFO - X-Twilio-Client : python-9.3.3
2025-09-17 13:55:46,854 - twilio.http_client - INFO - Accept-Charset : utf-8
2025-09-17 13:55:46,854 - twilio.http_client - INFO - Accept : application/json
2025-09-17 13:55:46,854 - twilio.http_client - INFO - -- END Twilio API Request --
2025-09-17 13:55:48,500 - twilio.http_client - INFO - Response Status Code: 201
2025-09-17 13:55:48,501 - twilio.http_client - INFO - Response Headers: {'Content-Type': 'application/json;charset=utf-8', 'Content-Length': '2011', 'Connection': 'keep-alive', 'Date': 'Wed, 17 Sep 2025 08:25:49 GMT', 'Location': 'https://call-service.us1.svc.twilio.com/v2/Accounts/CAabb3d3575461498fe47308e85198174d', 'Twilio-Concurrent-Requests': '1', 'Twilio-Request-Id': 'RQe8daafbdfcd3615d88cd7f3584a3f60a', 'Twilio-Request-Duration': '0.097', 'X-Home-Region': 'us1', 'X-API-Domain': 'api.twilio.com', 'Strict-Transport-Security': 'max-age=31536000', 'X-Cache': 'Miss from cloudfront', 'Via': '1.1 ff57c5f46afb3c34bc85f104c3ede302.cloudfront.net (CloudFront)', 'X-Amz-Cf-Pop': 'BOM54-P2', 'X-Amz-Cf-Id': 'TZ74D6-2ehMd-TGjMBuPfl2xX8Dxz9tbZIMF6wot7BJN1t8QnzXtLw==', 'X-Powered-By': 'AT-5000', 'X-Shenanigans': 'none', 'Vary': 'Origin'}
2025-09-17 23:40:39,190 - twilio.http_client - INFO - -- BEGIN Twilio API Request --
2025-09-17 23:40:39,190 - twilio.http_client - INFO - POST Request: https://api.twilio.com/2010-04-01/Accounts/AC777482e74ecefadaeb3e9b7f99251c02/Calls.json
2025-09-17 23:40:39,191 - twilio.http_client - INFO - Headers:
2025-09-17 23:40:39,191 - twilio.http_client - INFO - Content-Type : application/x-www-form-urlencoded
2025-09-17 23:40:39,191 - twilio.http_client - INFO - User-Agent : twilio-python/9.3.3 (Windows AMD64) Python/3.13.5
2025-09-17 23:40:39,191 - twilio.http_client - INFO - X-Twilio-Client : python-9.3.3
2025-09-17 23:40:39,191 - twilio.http_client - INFO - Accept-Charset : utf-8
2025-09-17 23:40:39,191 - twilio.http_client - INFO - Accept : application/json
2025-09-17 23:40:39,191 - twilio.http_client - INFO - -- END Twilio API Request --
2025-09-17 23:40:40,505 - twilio.http_client - INFO - Response Status Code: 201
2025-09-17 23:40:40,506 - twilio.http_client - INFO - Response Headers: {'Content-Type': 'application/json;charset=utf-8', 'Content-Length': '2011', 'Connection': 'keep-alive', 'Date': 'Wed, 17 Sep 2025 18:10:42 GMT', 'Location': 'https://call-service.us1.svc.twilio.com/v2/Accounts/CAf5588d56429702748580145bc69a886d', 'Twilio-Concurrent-Requests': '1', 'Twilio-Request-Id': 'RQe07560cc194598d0278fb5e73dfb564e', 'Twilio-Request-Duration': '0.121', 'X-Home-Region': 'us1', 'X-API-Domain': 'api.twilio.com', 'Strict-Transport-Security': 'max-age=31536000', 'X-Cache': 'Miss from cloudfront', 'Via': '1.1 1e3b45fb00f0cc03b69786cf1a92d5e4.cloudfront.net (CloudFront)', 'X-Amz-Cf-Pop': 'BOM54-P2', 'X-Amz-Cf-Id': '34cVkvqtHL2QaS-NTojbOxao3wHwK4pfRubrcPlKf8YpiZddwkJz7Q==', 'X-Powered-By': 'AT-5000', 'X-Shenanigans': 'none', 'Vary': 'Origin'}
2025-09-17 23:47:12,626 - twilio.http_client - INFO - -- BEGIN Twilio API Request --
2025-09-17 23:47:12,627 - twilio.http_client - INFO - POST Request: https://api.twilio.com/2010-04-01/Accounts/AC777482e74ecefadaeb3e9b7f99251c02/Calls.json
2025-09-17 23:47:12,627 - twilio.http_client - INFO - Headers:
2025-09-17 23:47:12,627 - twilio.http_client - INFO - Content-Type : application/x-www-form-urlencoded
2025-09-17 23:47:12,627 - twilio.http_client - INFO - User-Agent : twilio-python/9.3.3 (Windows AMD64) Python/3.13.5
2025-09-17 23:47:12,627 - twilio.http_client - INFO - X-Twilio-Client : python-9.3.3
2025-09-17 23:47:12,628 - twilio.http_client - INFO - Accept-Charset : utf-8
2025-09-17 23:47:12,628 - twilio.http_client - INFO - Accept : application/json
2025-09-17 23:47:12,628 - twilio.http_client - INFO - -- END Twilio API Request --
2025-09-17 23:47:13,784 - twilio.http_client - INFO - Response Status Code: 201
2025-09-17 23:47:13,784 - twilio.http_client - INFO - Response Headers: {'Content-Type': 'application/json;charset=utf-8', 'Content-Length': '2011', 'Connection': 'keep-alive', 'Date': 'Wed, 17 Sep 2025 18:17:16 GMT', 'Location': 'https://call-service.us1.svc.twilio.com/v2/Accounts/CA93cee0570f3ee2833fa3a4435e1c6283', 'Twilio-Concurrent-Requests': '1', 'Twilio-Request-Id': 'RQ50a6e1719c10c5193d7546d697686418', 'Twilio-Request-Duration': '0.107', 'X-Home-Region': 'us1', 'X-API-Domain': 'api.twilio.com', 'Strict-Transport-Security': 'max-age=31536000', 'X-Cache': 'Miss from cloudfront', 'Via': '1.1 d54fe7ff357d1c140e7225b31e0f8a4c.cloudfront.net (CloudFront)', 'X-Amz-Cf-Pop': 'BOM54-P2', 'X-Amz-Cf-Id': 'T6TM0RHAJVbaty0Fae_QO-A_TjByZh94Ksmo8UV4qQ7XE79uLdBu_g==', 'X-Powered-By': 'AT-5000', 'X-Shenanigans': 'none', 'Vary': 'Origin'}
2025-09-18 00:44:28,643 - twilio.http_client - INFO - -- BEGIN Twilio API Request --
2025-09-18 00:44:28,644 - twilio.http_client - INFO - POST Request: https://api.twilio.com/2010-04-01/Accounts/AC777482e74ecefadaeb3e9b7f99251c02/Calls.json
2025-09-18 00:44:28,644 - twilio.http_client - INFO - Headers:
2025-09-18 00:44:28,644 - twilio.http_client - INFO - Content-Type : application/x-www-form-urlencoded
2025-09-18 00:44:28,644 - twilio.http_client - INFO - User-Agent : twilio-python/9.3.3 (Windows AMD64) Python/3.13.5
2025-09-18 00:44:28,644 - twilio.http_client - INFO - X-Twilio-Client : python-9.3.3
2025-09-18 00:44:28,644 - twilio.http_client - INFO - Accept-Charset : utf-8
2025-09-18 00:44:28,644 - twilio.http_client - INFO - Accept : application/json
2025-09-18 00:44:28,644 - twilio.http_client - INFO - -- END Twilio API Request --
2025-09-18 00:44:30,161 - twilio.http_client - INFO - Response Status Code: 400
2025-09-18 00:44:30,161 - twilio.http_client - INFO - Response Headers: {'Content-Type': 'application/json', 'Content-Length': '230', 'Connection': 'keep-alive', 'Date': 'Wed, 17 Sep 2025 19:14:32 GMT', 'X-Twilio-Error-Code': '21205', 'Twilio-Concurrent-Requests': '1', 'Twilio-Request-Id': 'RQ672998ef105a427b3217bf6fa59bd395', 'Twilio-Request-Duration': '0.035', 'X-Home-Region': 'us1', 'X-API-Domain': 'api.twilio.com', 'Strict-Transport-Security': 'max-age=31536000', 'X-Cache': 'Error from cloudfront', 'Via': '1.1 55fb3cee5f9596dcec54bf07cc7d33ce.cloudfront.net (CloudFront)', 'X-Amz-Cf-Pop': 'BOM54-P2', 'X-Amz-Cf-Id': 'AxEB7xPaWVqYC60gdBaCD-1BdKu1pK81Rz136lCzxDRk0nIeLkO5Iw==', 'X-Powered-By': 'AT-5000', 'X-Shenanigans': 'none', 'Vary': 'Origin'}
2025-09-18 00:44:40,833 - twilio.http_client - INFO - -- BEGIN Twilio API Request --
2025-09-18 00:44:40,833 - twilio.http_client - INFO - POST Request: https://api.twilio.com/2010-04-01/Accounts/AC777482e74ecefadaeb3e9b7f99251c02/Calls.json
2025-09-18 00:44:40,833 - twilio.http_client - INFO - Headers:
2025-09-18 00:44:40,833 - twilio.http_client - INFO - Content-Type : application/x-www-form-urlencoded
2025-09-18 00:44:40,833 - twilio.http_client - INFO - User-Agent : twilio-python/9.3.3 (Windows AMD64) Python/3.13.5
2025-09-18 00:44:40,833 - twilio.http_client - INFO - X-Twilio-Client : python-9.3.3
2025-09-18 00:44:40,833 - twilio.http_client - INFO - Accept-Charset : utf-8
2025-09-18 00:44:40,833 - twilio.http_client - INFO - Accept : application/json
2025-09-18 00:44:40,834 - twilio.http_client - INFO - -- END Twilio API Request --
2025-09-18 00:44:41,887 - twilio.http_client - INFO - Response Status Code: 400
2025-09-18 00:44:41,888 - twilio.http_client - INFO - Response Headers: {'Content-Type': 'application/json', 'Content-Length': '230', 'Connection': 'keep-alive', 'Date': 'Wed, 17 Sep 2025 19:14:44 GMT', 'X-Twilio-Error-Code': '21205', 'Twilio-Concurrent-Requests': '1', 'Twilio-Request-Id': 'RQ0cb2506fcea73e7b2ead14a3b82f7868', 'Twilio-Request-Duration': '0.023', 'X-Home-Region': 'us1', 'X-API-Domain': 'api.twilio.com', 'Strict-Transport-Security': 'max-age=31536000', 'X-Cache': 'Error from cloudfront', 'Via': '1.1 42d8b5806519269a38fa2b69fb2e2d36.cloudfront.net (CloudFront)', 'X-Amz-Cf-Pop': 'BOM54-P2', 'X-Amz-Cf-Id': '0krzRDhaKg9PlQc5MOjvAFASC0N5yydK_EoFGlvr5oZvByBObDhe5A==', 'X-Powered-By': 'AT-5000', 'X-Shenanigans': 'none', 'Vary': 'Origin'}
2025-09-18 00:47:29,639 - twilio.http_client - INFO - -- BEGIN Twilio API Request --
2025-09-18 00:47:29,640 - twilio.http_client - INFO - POST Request: https://api.twilio.com/2010-04-01/Accounts/AC777482e74ecefadaeb3e9b7f99251c02/Calls.json
2025-09-18 00:47:29,640 - twilio.http_client - INFO - Headers:
2025-09-18 00:47:29,640 - twilio.http_client - INFO - Content-Type : application/x-www-form-urlencoded
2025-09-18 00:47:29,640 - twilio.http_client - INFO - User-Agent : twilio-python/9.3.3 (Windows AMD64) Python/3.13.5
2025-09-18 00:47:29,640 - twilio.http_client - INFO - X-Twilio-Client : python-9.3.3
2025-09-18 00:47:29,640 - twilio.http_client - INFO - Accept-Charset : utf-8
2025-09-18 00:47:29,640 - twilio.http_client - INFO - Accept : application/json
2025-09-18 00:47:29,640 - twilio.http_client - INFO - -- END Twilio API Request --
2025-09-18 00:47:30,756 - twilio.http_client - INFO - Response Status Code: 400
2025-09-18 00:47:30,756 - twilio.http_client - INFO - Response Headers: {'Content-Type': 'application/json', 'Content-Length': '230', 'Connection': 'keep-alive', 'Date': 'Wed, 17 Sep 2025 19:17:33 GMT', 'X-Twilio-Error-Code': '21205', 'Twilio-Concurrent-Requests': '1', 'Twilio-Request-Id': 'RQe352c60fdcb60338c572c7a63a30307a', 'Twilio-Request-Duration': '0.016', 'X-Home-Region': 'us1', 'X-API-Domain': 'api.twilio.com', 'Strict-Transport-Security': 'max-age=31536000', 'X-Cache': 'Error from cloudfront', 'Via': '1.1 b9b6427670b2ac1093acaf19c832a61e.cloudfront.net (CloudFront)', 'X-Amz-Cf-Pop': 'BOM54-P2', 'X-Amz-Cf-Id': '60WHH0gfyTzJsVGzvbr9yNyin9sArSpesIfuOhOC5e8wC5LypvURaw==', 'X-Powered-By': 'AT-5000', 'X-Shenanigans': 'none', 'Vary': 'Origin'}
2025-09-18 00:51:19,327 - twilio.http_client - INFO - -- BEGIN Twilio API Request --
2025-09-18 00:51:19,328 - twilio.http_client - INFO - POST Request: https://api.twilio.com/2010-04-01/Accounts/AC777482e74ecefadaeb3e9b7f99251c02/Calls.json
2025-09-18 00:51:19,328 - twilio.http_client - INFO - Headers:
2025-09-18 00:51:19,328 - twilio.http_client - INFO - Content-Type : application/x-www-form-urlencoded
2025-09-18 00:51:19,328 - twilio.http_client - INFO - User-Agent : twilio-python/9.3.3 (Windows AMD64) Python/3.13.5
2025-09-18 00:51:19,329 - twilio.http_client - INFO - X-Twilio-Client : python-9.3.3
2025-09-18 00:51:19,329 - twilio.http_client - INFO - Accept-Charset : utf-8
2025-09-18 00:51:19,329 - twilio.http_client - INFO - Accept : application/json
2025-09-18 00:51:19,329 - twilio.http_client - INFO - -- END Twilio API Request --
2025-09-18 00:51:20,599 - twilio.http_client - INFO - Response Status Code: 201
2025-09-18 00:51:20,599 - twilio.http_client - INFO - Response Headers: {'Content-Type': 'application/json;charset=utf-8', 'Content-Length': '2011', 'Connection': 'keep-alive', 'Date': 'Wed, 17 Sep 2025 19:21:22 GMT', 'Location': 'https://call-service.us1.svc.twilio.com/v2/Accounts/CAeeb15c9de5837a07bad12e714639ad43', 'Twilio-Concurrent-Requests': '1', 'Twilio-Request-Id': 'RQa4fb0c9a551ce0a67d07e43a38947145', 'Twilio-Request-Duration': '0.111', 'X-Home-Region': 'us1', 'X-API-Domain': 'api.twilio.com', 'Strict-Transport-Security': 'max-age=31536000', 'X-Cache': 'Miss from cloudfront', 'Via': '1.1 50fc279696fd1dc25e1be709a2bc01dc.cloudfront.net (CloudFront)', 'X-Amz-Cf-Pop': 'BOM54-P2', 'X-Amz-Cf-Id': 'mLJ-eGdH95Ex4K1pzHAFedDrOJ5ugwImdYasSzwc-lP57aBGb3knRw==', 'X-Powered-By': 'AT-5000', 'X-Shenanigans': 'none', 'Vary': 'Origin'}
2025-09-20 14:19:08,880 - twilio.http_client - INFO - -- BEGIN Twilio API Request --
2025-09-20 14:19:08,882 - twilio.http_client - INFO - POST Request: https://api.twilio.com/2010-04-01/Accounts/AC777482e74ecefadaeb3e9b7f99251c02/Calls.json
2025-09-20 14:19:08,882 - twilio.http_client - INFO - Headers:
2025-09-20 14:19:08,882 - twilio.http_client - INFO - Content-Type : application/x-www-form-urlencoded
2025-09-20 14:19:08,882 - twilio.http_client - INFO - User-Agent : twilio-python/9.3.3 (Windows AMD64) Python/3.13.5
2025-09-20 14:19:08,882 - twilio.http_client - INFO - X-Twilio-Client : python-9.3.3
2025-09-20 14:19:08,882 - twilio.http_client - INFO - Accept-Charset : utf-8
2025-09-20 14:19:08,883 - twilio.http_client - INFO - Accept : application/json
2025-09-20 14:19:08,883 - twilio.http_client - INFO - -- END Twilio API Request --
2025-09-20 14:19:10,650 - twilio.http_client - INFO - Response Status Code: 201
2025-09-20 14:19:10,651 - twilio.http_client - INFO - Response Headers: {'Content-Type': 'application/json;charset=utf-8', 'Content-Length': '2011', 'Connection': 'keep-alive', 'Date': 'Sat, 20 Sep 2025 08:49:11 GMT', 'Location': 'https://call-service.us1.svc.twilio.com/v2/Accounts/CA0b3bd734172446f3322945826de758eb', 'Twilio-Concurrent-Requests': '1', 'Twilio-Request-Id': 'RQ08584a13fc3439a7275103c7fd2ada0d', 'Twilio-Request-Duration': '0.117', 'X-Home-Region': 'us1', 'X-API-Domain': 'api.twilio.com', 'Strict-Transport-Security': 'max-age=31536000', 'X-Cache': 'Miss from cloudfront', 'Via': '1.1 bbb2364631ff900721998361bbef6f44.cloudfront.net (CloudFront)', 'X-Amz-Cf-Pop': 'BOM54-P2', 'X-Amz-Cf-Id': '-fD2RSaMUCECEd1yK7tlZycyrvJOP1Ut0QzUDAFKaX_c1trRWCem_Q==', 'X-Powered-By': 'AT-5000', 'X-Shenanigans': 'none', 'Vary': 'Origin'}
2025-09-20 14:19:10,651 - twilio.http_client - INFO - -- BEGIN Twilio API Request --
2025-09-20 14:19:10,651 - twilio.http_client - INFO - POST Request: https://api.twilio.com/2010-04-01/Accounts/AC777482e74ecefadaeb3e9b7f99251c02/Calls.json
2025-09-20 14:19:10,652 - twilio.http_client - INFO - Headers:
2025-09-20 14:19:10,652 - twilio.http_client - INFO - Content-Type : application/x-www-form-urlencoded
2025-09-20 14:19:10,652 - twilio.http_client - INFO - User-Agent : twilio-python/9.3.3 (Windows AMD64) Python/3.13.5
2025-09-20 14:19:10,652 - twilio.http_client - INFO - X-Twilio-Client : python-9.3.3
2025-09-20 14:19:10,652 - twilio.http_client - INFO - Accept-Charset : utf-8
2025-09-20 14:19:10,652 - twilio.http_client - INFO - Accept : application/json
2025-09-20 14:19:10,652 - twilio.http_client - INFO - -- END Twilio API Request --
2025-09-20 14:19:11,051 - twilio.http_client - INFO - Response Status Code: 201
2025-09-20 14:19:11,051 - twilio.http_client - INFO - Response Headers: {'Content-Type': 'application/json;charset=utf-8', 'Content-Length': '2011', 'Connection': 'keep-alive', 'Date': 'Sat, 20 Sep 2025 08:49:11 GMT', 'Location': 'https://call-service.us1.svc.twilio.com/v2/Accounts/CA07d65629c3932f6dfdbcc8cc2095f304', 'Twilio-Concurrent-Requests': '1', 'Twilio-Request-Id': 'RQda3462467d6b0af3471aecbad5a67b0f', 'Twilio-Request-Duration': '0.086', 'X-Home-Region': 'us1', 'X-API-Domain': 'api.twilio.com', 'Strict-Transport-Security': 'max-age=31536000', 'X-Cache': 'Miss from cloudfront', 'Via': '1.1 bbb2364631ff900721998361bbef6f44.cloudfront.net (CloudFront)', 'X-Amz-Cf-Pop': 'BOM54-P2', 'X-Amz-Cf-Id': '7LvjIay7vzdojTbyoKfgs80hsfnYE56UHr-O3nyf4czujPJ0enkEQQ==', 'X-Powered-By': 'AT-5000', 'X-Shenanigans': 'none', 'Vary': 'Origin'}
2025-09-20 19:29:32,095 - utils - WARNING - Unauthorized admin access attempt
2025-09-20 19:29:34,071 - utils - WARNING - Unauthorized admin access attempt
2025-09-22 10:21:09,935 - utils - WARNING - Unauthorized admin access attempt
2025-09-22 10:22:34,671 - utils - WARNING - Unauthorized admin access attempt
2025-09-22 10:23:11,763 - utils - WARNING - Unauthorized admin access attempt
2025-09-22 10:23:36,556 - utils - WARNING - Unauthorized admin access attempt
2025-09-22 10:24:01,110 - utils - WARNING - Unauthorized admin access attempt
2025-09-22 10:24:58,387 - utils - WARNING - Unauthorized admin access attempt
2025-09-22 10:25:23,531 - utils - WARNING - Unauthorized admin access attempt
2025-09-22 10:25:44,232 - utils - WARNING - Unauthorized admin access attempt
2025-09-22 12:53:16,680 - utils - WARNING - Unauthorized admin access attempt
2025-09-22 12:54:40,555 - twilio.http_client - INFO - -- BEGIN Twilio API Request --
2025-09-22 12:54:40,556 - twilio.http_client - INFO - POST Request: https://api.twilio.com/2010-04-01/Accounts/AC777482e74ecefadaeb3e9b7f99251c02/Calls.json
2025-09-22 12:54:40,556 - twilio.http_client - INFO - Headers:
2025-09-22 12:54:40,556 - twilio.http_client - INFO - Content-Type : application/x-www-form-urlencoded
2025-09-22 12:54:40,556 - twilio.http_client - INFO - User-Agent : twilio-python/9.3.3 (Windows AMD64) Python/3.13.5
2025-09-22 12:54:40,556 - twilio.http_client - INFO - X-Twilio-Client : python-9.3.3
2025-09-22 12:54:40,556 - twilio.http_client - INFO - Accept-Charset : utf-8
2025-09-22 12:54:40,556 - twilio.http_client - INFO - Accept : application/json
2025-09-22 12:54:40,556 - twilio.http_client - INFO - -- END Twilio API Request --
2025-09-22 12:54:42,595 - twilio.http_client - INFO - Response Status Code: 201
2025-09-22 12:54:42,595 - twilio.http_client - INFO - Response Headers: {'Content-Type': 'application/json;charset=utf-8', 'Content-Length': '2011', 'Connection': 'keep-alive', 'Date': 'Mon, 22 Sep 2025 07:24:44 GMT', 'Location': 'https://call-service.us1.svc.twilio.com/v2/Accounts/CA24a6495be6f61556d5bbc0f5146022f4', 'Twilio-Concurrent-Requests': '1', 'Twilio-Request-Id': 'RQa2c5c939c2c04ea69895af1e46bba243', 'Twilio-Request-Duration': '0.110', 'X-Home-Region': 'us1', 'X-API-Domain': 'api.twilio.com', 'Strict-Transport-Security': 'max-age=31536000', 'X-Cache': 'Miss from cloudfront', 'Via': '1.1 bb61a403f9c6885d0d420bb5b1ced50c.cloudfront.net (CloudFront)', 'X-Amz-Cf-Pop': 'PNQ50-P4', 'X-Amz-Cf-Id': 'OYLcCvwEjjHEU5ROlreKJ5fdnafXPJI12Z3hdUF2TBmXXc3vIjgb7g==', 'X-Powered-By': 'AT-5000', 'X-Shenanigans': 'none', 'Vary': 'Origin'}
2025-09-22 12:54:58,361 - twilio.http_client - INFO - -- BEGIN Twilio API Request --
2025-09-22 12:54:58,361 - twilio.http_client - INFO - POST Request: https://api.twilio.com/2010-04-01/Accounts/AC777482e74ecefadaeb3e9b7f99251c02/Calls.json
2025-09-22 12:54:58,361 - twilio.http_client - INFO - Headers:
2025-09-22 12:54:58,361 - twilio.http_client - INFO - Content-Type : application/x-www-form-urlencoded
2025-09-22 12:54:58,362 - twilio.http_client - INFO - User-Agent : twilio-python/9.3.3 (Windows AMD64) Python/3.13.5
2025-09-22 12:54:58,362 - twilio.http_client - INFO - X-Twilio-Client : python-9.3.3
2025-09-22 12:54:58,363 - twilio.http_client - INFO - Accept-Charset : utf-8
2025-09-22 12:54:58,363 - twilio.http_client - INFO - Accept : application/json
2025-09-22 12:54:58,363 - twilio.http_client - INFO - -- END Twilio API Request --
2025-09-22 12:55:00,022 - twilio.http_client - INFO - Response Status Code: 201
2025-09-22 12:55:00,023 - twilio.http_client - INFO - Response Headers: {'Content-Type': 'application/json;charset=utf-8', 'Content-Length': '2011', 'Connection': 'keep-alive', 'Date': 'Mon, 22 Sep 2025 07:25:02 GMT', 'Location': 'https://call-service.us1.svc.twilio.com/v2/Accounts/CA17407b950249849859fd6ce5331b1fed', 'Twilio-Concurrent-Requests': '1', 'Twilio-Request-Id': 'RQf7e30455ee091ce67eebb4fb633f0eb1', 'Twilio-Request-Duration': '0.071', 'X-Home-Region': 'us1', 'X-API-Domain': 'api.twilio.com', 'Strict-Transport-Security': 'max-age=31536000', 'X-Cache': 'Miss from cloudfront', 'Via': '1.1 133128b948f045cae7f9ff30cad66104.cloudfront.net (CloudFront)', 'X-Amz-Cf-Pop': 'PNQ50-P4', 'X-Amz-Cf-Id': 'rkUky2dCcGboTPq3N-PCSeW9mXF3K8byypLUBGQLXdskGwReVHVIlw==', 'X-Powered-By': 'AT-5000', 'X-Shenanigans': 'none', 'Vary': 'Origin'}
2025-09-22 13:54:59,925 - utils - WARNING - Unauthorized admin access attempt
2025-09-22 13:55:07,331 - utils - WARNING - Unauthorized admin access attempt
2025-09-23 09:31:53,148 - twilio.http_client - INFO - -- BEGIN Twilio API Request --
2025-09-23 09:31:53,149 - twilio.http_client - INFO - POST Request: https://api.twilio.com/2010-04-01/Accounts/AC777482e74ecefadaeb3e9b7f99251c02/Calls.json
2025-09-23 09:31:53,149 - twilio.http_client - INFO - Headers:
2025-09-23 09:31:53,150 - twilio.http_client - INFO - Content-Type : application/x-www-form-urlencoded
2025-09-23 09:31:53,150 - twilio.http_client - INFO - User-Agent : twilio-python/9.3.3 (Windows AMD64) Python/3.13.5
2025-09-23 09:31:53,150 - twilio.http_client - INFO - X-Twilio-Client : python-9.3.3
2025-09-23 09:31:53,150 - twilio.http_client - INFO - Accept-Charset : utf-8
2025-09-23 09:31:53,151 - twilio.http_client - INFO - Accept : application/json
2025-09-23 09:31:53,151 - twilio.http_client - INFO - -- END Twilio API Request --
2025-09-23 09:31:55,377 - twilio.http_client - INFO - Response Status Code: 201
2025-09-23 09:31:55,378 - twilio.http_client - INFO - Response Headers: {'Content-Type': 'application/json;charset=utf-8', 'Content-Length': '2011', 'Connection': 'keep-alive', 'Date': 'Tue, 23 Sep 2025 04:01:58 GMT', 'Location': 'https://call-service.us1.svc.twilio.com/v2/Accounts/CAccd6265999078c11cbe76da90d242985', 'Twilio-Concurrent-Requests': '1', 'Twilio-Request-Id': 'RQ117acd00148150527e86343756ba4e42', 'Twilio-Request-Duration': '0.103', 'X-Home-Region': 'us1', 'X-API-Domain': 'api.twilio.com', 'Strict-Transport-Security': 'max-age=31536000', 'X-Cache': 'Miss from cloudfront', 'Via': '1.1 40459db2072186c90a4a2b4ca9cafa56.cloudfront.net (CloudFront)', 'X-Amz-Cf-Pop': 'BOM78-P5', 'X-Amz-Cf-Id': 'OCBYIjwiIfAl-Xgy5ppwm8qjKfNQNrKC3BsidK82tdgRd9OWQjQDiQ==', 'X-Powered-By': 'AT-5000', 'X-Shenanigans': 'none', 'Vary': 'Origin'}
2025-09-23 10:15:58,183 - twilio.http_client - INFO - -- BEGIN Twilio API Request --
2025-09-23 10:15:58,185 - twilio.http_client - INFO - POST Request: https://api.twilio.com/2010-04-01/Accounts/AC777482e74ecefadaeb3e9b7f99251c02/Calls.json
2025-09-23 10:15:58,185 - twilio.http_client - INFO - Headers:
2025-09-23 10:15:58,185 - twilio.http_client - INFO - Content-Type : application/x-www-form-urlencoded
2025-09-23 10:15:58,185 - twilio.http_client - INFO - User-Agent : twilio-python/9.3.3 (Windows AMD64) Python/3.13.5
2025-09-23 10:15:58,186 - twilio.http_client - INFO - X-Twilio-Client : python-9.3.3
2025-09-23 10:15:58,186 - twilio.http_client - INFO - Accept-Charset : utf-8
2025-09-23 10:15:58,186 - twilio.http_client - INFO - Accept : application/json
2025-09-23 10:15:58,186 - twilio.http_client - INFO - -- END Twilio API Request --
2025-09-23 10:15:59,924 - twilio.http_client - INFO - Response Status Code: 201
2025-09-23 10:15:59,924 - twilio.http_client - INFO - Response Headers: {'Content-Type': 'application/json;charset=utf-8', 'Content-Length': '2011', 'Connection': 'keep-alive', 'Date': 'Tue, 23 Sep 2025 04:46:03 GMT', 'Location': 'https://call-service.us1.svc.twilio.com/v2/Accounts/CA67a54af0117ad82b1a4b66a44f036163', 'Twilio-Concurrent-Requests': '1', 'Twilio-Request-Id': 'RQd3638210e4472c5b96696d193686a0e5', 'Twilio-Request-Duration': '0.095', 'X-Home-Region': 'us1', 'X-API-Domain': 'api.twilio.com', 'Strict-Transport-Security': 'max-age=31536000', 'X-Cache': 'Miss from cloudfront', 'Via': '1.1 8ef0b0e6ce9484cc7ec662abacbfc63a.cloudfront.net (CloudFront)', 'X-Amz-Cf-Pop': 'BOM78-P5', 'X-Amz-Cf-Id': '83wu5XrlorBf6ecqJJZhARLQU1VT6Ax4FFDv1IntEWBr0MDtTBz1zA==', 'X-Powered-By': 'AT-5000', 'X-Shenanigans': 'none', 'Vary': 'Origin'}
2025-09-23 10:30:00,980 - twilio.http_client - INFO - -- BEGIN Twilio API Request --
2025-09-23 10:30:00,981 - twilio.http_client - INFO - POST Request: https://api.twilio.com/2010-04-01/Accounts/AC777482e74ecefadaeb3e9b7f99251c02/Calls.json
2025-09-23 10:30:00,981 - twilio.http_client - INFO - Headers:
2025-09-23 10:30:00,981 - twilio.http_client - INFO - Content-Type : application/x-www-form-urlencoded
2025-09-23 10:30:00,981 - twilio.http_client - INFO - User-Agent : twilio-python/9.3.3 (Windows AMD64) Python/3.13.5
2025-09-23 10:30:00,981 - twilio.http_client - INFO - X-Twilio-Client : python-9.3.3
2025-09-23 10:30:00,981 - twilio.http_client - INFO - Accept-Charset : utf-8
2025-09-23 10:30:00,981 - twilio.http_client - INFO - Accept : application/json
2025-09-23 10:30:00,981 - twilio.http_client - INFO - -- END Twilio API Request --
2025-09-23 10:30:08,422 - twilio.http_client - INFO - Response Status Code: 201
2025-09-23 10:30:08,422 - twilio.http_client - INFO - Response Headers: {'Content-Type': 'application/json;charset=utf-8', 'Content-Length': '2011', 'Connection': 'keep-alive', 'Date': 'Tue, 23 Sep 2025 05:00:11 GMT', 'Location': 'https://call-service.us1.svc.twilio.com/v2/Accounts/CAe817024201a2dac4410b090fa73b98e8', 'Twilio-Concurrent-Requests': '1', 'Twilio-Request-Id': 'RQ2d2aa35800d615bc3b80bc3739ccb775', 'Twilio-Request-Duration': '0.095', 'X-Home-Region': 'us1', 'X-API-Domain': 'api.twilio.com', 'Strict-Transport-Security': 'max-age=31536000', 'X-Cache': 'Miss from cloudfront', 'Via': '1.1 ca6a8f79bd862f05717933aee496ef70.cloudfront.net (CloudFront)', 'X-Amz-Cf-Pop': 'BOM78-P5', 'X-Amz-Cf-Id': 'yi-VkFSowgLV5d8aYJCihi3J6EurqnOFf_68_j5E3w6GRI3b3JojXw==', 'X-Powered-By': 'AT-5000', 'X-Shenanigans': 'none', 'Vary': 'Origin'}
2025-09-23 22:29:32,729 - twilio.http_client - INFO - -- BEGIN Twilio API Request --
2025-09-23 22:29:32,730 - twilio.http_client - INFO - POST Request: https://api.twilio.com/2010-04-01/Accounts/AC777482e74ecefadaeb3e9b7f99251c02/Calls.json
2025-09-23 22:29:32,730 - twilio.http_client - INFO - Headers:
2025-09-23 22:29:32,730 - twilio.http_client - INFO - User-Agent : twilio-python/8.10.0 (Windows AMD64) Python/3.13.5
2025-09-23 22:29:32,730 - twilio.http_client - INFO - X-Twilio-Client : python-8.10.0
2025-09-23 22:29:32,730 - twilio.http_client - INFO - Accept-Charset : utf-8
2025-09-23 22:29:32,730 - twilio.http_client - INFO - Content-Type : application/x-www-form-urlencoded
2025-09-23 22:29:32,730 - twilio.http_client - INFO - Accept : application/json
2025-09-23 22:29:32,730 - twilio.http_client - INFO - -- END Twilio API Request --
2025-09-23 22:29:33,942 - twilio.http_client - INFO - Response Status Code: 201
2025-09-23 22:29:33,942 - twilio.http_client - INFO - Response Headers: {'Content-Type': 'application/json;charset=utf-8', 'Content-Length': '2011', 'Connection': 'keep-alive', 'Date': 'Tue, 23 Sep 2025 16:59:33 GMT', 'Location': 'https://call-service.us1.svc.twilio.com/v2/Accounts/CA2ffc26c29643d4875a2c17df1886a54c', 'Twilio-Concurrent-Requests': '1', 'Twilio-Request-Id': 'RQ2c74846a981188f6063660aec4668412', 'Twilio-Request-Duration': '0.095', 'X-Home-Region': 'us1', 'X-API-Domain': 'api.twilio.com', 'Strict-Transport-Security': 'max-age=31536000', 'X-Cache': 'Miss from cloudfront', 'Via': '1.1 8ef0b0e6ce9484cc7ec662abacbfc63a.cloudfront.net (CloudFront)', 'X-Amz-Cf-Pop': 'BOM78-P5', 'X-Amz-Cf-Id': 'URGvzJLCv_dbatZWpm34jASbchjB8n-zrR87u-aE6HsVPNraPD_Urg==', 'X-Powered-By': 'AT-5000', 'X-Shenanigans': 'none', 'Vary': 'Origin'}
2025-09-24 10:39:46,140 - twilio.http_client - INFO - -- BEGIN Twilio API Request --
2025-09-24 10:39:46,141 - twilio.http_client - INFO - POST Request: https://api.twilio.com/2010-04-01/Accounts/AC777482e74ecefadaeb3e9b7f99251c02/Calls.json
2025-09-24 10:39:46,141 - twilio.http_client - INFO - Headers:
2025-09-24 10:39:46,141 - twilio.http_client - INFO - User-Agent : twilio-python/8.10.0 (Windows AMD64) Python/3.13.5
2025-09-24 10:39:46,141 - twilio.http_client - INFO - X-Twilio-Client : python-8.10.0
2025-09-24 10:39:46,141 - twilio.http_client - INFO - Accept-Charset : utf-8
2025-09-24 10:39:46,141 - twilio.http_client - INFO - Content-Type : application/x-www-form-urlencoded
2025-09-24 10:39:46,141 - twilio.http_client - INFO - Accept : application/json
2025-09-24 10:39:46,141 - twilio.http_client - INFO - -- END Twilio API Request --
2025-09-24 10:39:47,633 - twilio.http_client - INFO - Response Status Code: 201
2025-09-24 10:39:47,633 - twilio.http_client - INFO - Response Headers: {'Content-Type': 'application/json;charset=utf-8', 'Content-Length': '2011', 'Connection': 'keep-alive', 'Date': 'Wed, 24 Sep 2025 05:09:47 GMT', 'Location': 'https://call-service.us1.svc.twilio.com/v2/Accounts/CAe3da9d1b15f1494812b0a94e3d4f2345', 'Twilio-Concurrent-Requests': '1', 'Twilio-Request-Id': 'RQ705bbe4dec43c2c50e1ac4f7118a7dad', 'Twilio-Request-Duration': '0.097', 'X-Home-Region': 'us1', 'X-API-Domain': 'api.twilio.com', 'Strict-Transport-Security': 'max-age=31536000', 'X-Cache': 'Miss from cloudfront', 'Via': '1.1 66f806c581766a713118c171ea9522a2.cloudfront.net (CloudFront)', 'X-Amz-Cf-Pop': 'PNQ50-P4', 'X-Amz-Cf-Id': 'LCpvjE2C18nb6l3k1zEzZzRl9_9N3yj-RB_D21Q9c4GQpgPY9Zx6CQ==', 'X-Powered-By': 'AT-5000', 'X-Shenanigans': 'none', 'Vary': 'Origin'}
2025-09-24 19:22:12,185 - twilio.http_client - INFO - -- BEGIN Twilio API Request --
2025-09-24 19:22:12,187 - twilio.http_client - INFO - POST Request: https://api.twilio.com/2010-04-01/Accounts/AC777482e74ecefadaeb3e9b7f99251c02/Calls.json
2025-09-24 19:22:12,187 - twilio.http_client - INFO - Headers:
2025-09-24 19:22:12,187 - twilio.http_client - INFO - User-Agent : twilio-python/8.10.0 (Windows AMD64) Python/3.13.5
2025-09-24 19:22:12,187 - twilio.http_client - INFO - X-Twilio-Client : python-8.10.0
2025-09-24 19:22:12,187 - twilio.http_client - INFO - Accept-Charset : utf-8
2025-09-24 19:22:12,187 - twilio.http_client - INFO - Content-Type : application/x-www-form-urlencoded
2025-09-24 19:22:12,187 - twilio.http_client - INFO - Accept : application/json
2025-09-24 19:22:12,188 - twilio.http_client - INFO - -- END Twilio API Request --
2025-09-24 19:22:13,617 - twilio.http_client - INFO - Response Status Code: 201
2025-09-24 19:22:13,617 - twilio.http_client - INFO - Response Headers: {'Content-Type': 'application/json;charset=utf-8', 'Content-Length': '2011', 'Connection': 'keep-alive', 'Date': 'Wed, 24 Sep 2025 13:52:14 GMT', 'Location': 'https://call-service.us1.svc.twilio.com/v2/Accounts/CA52171649be54a9010e5f2a80d41ec999', 'Twilio-Concurrent-Requests': '1', 'Twilio-Request-Id': 'RQ6be44fb41cbc4b760ac03291af00de77', 'Twilio-Request-Duration': '0.087', 'X-Home-Region': 'us1', 'X-API-Domain': 'api.twilio.com', 'Strict-Transport-Security': 'max-age=31536000', 'X-Cache': 'Miss from cloudfront', 'Via': '1.1 f104d67b43a55209d755ce5f5be8730a.cloudfront.net (CloudFront)', 'X-Amz-Cf-Pop': 'BOM78-P5', 'X-Amz-Cf-Id': '7Kjt8vUD_DmtYz3NWjKnwBRFeUP7OorEO1t-giQl91S9Sryt3sfiag==', 'X-Powered-By': 'AT-5000', 'X-Shenanigans': 'none', 'Vary': 'Origin'}
2025-09-24 19:54:43,824 - twilio.http_client - INFO - -- BEGIN Twilio API Request --
2025-09-24 19:54:43,825 - twilio.http_client - INFO - POST Request: https://api.twilio.com/2010-04-01/Accounts/AC777482e74ecefadaeb3e9b7f99251c02/Calls.json
2025-09-24 19:54:43,825 - twilio.http_client - INFO - Headers:
2025-09-24 19:54:43,825 - twilio.http_client - INFO - User-Agent : twilio-python/8.10.0 (Windows AMD64) Python/3.13.5
2025-09-24 19:54:43,825 - twilio.http_client - INFO - X-Twilio-Client : python-8.10.0
2025-09-24 19:54:43,825 - twilio.http_client - INFO - Accept-Charset : utf-8
2025-09-24 19:54:43,825 - twilio.http_client - INFO - Content-Type : application/x-www-form-urlencoded
2025-09-24 19:54:43,825 - twilio.http_client - INFO - Accept : application/json
2025-09-24 19:54:43,826 - twilio.http_client - INFO - -- END Twilio API Request --
2025-09-24 19:54:44,913 - twilio.http_client - INFO - Response Status Code: 201
2025-09-24 19:54:44,913 - twilio.http_client - INFO - Response Headers: {'Content-Type': 'application/json;charset=utf-8', 'Content-Length': '2011', 'Connection': 'keep-alive', 'Date': 'Wed, 24 Sep 2025 14:24:45 GMT', 'Location': 'https://call-service.us1.svc.twilio.com/v2/Accounts/CAff55d846fb6f9e2af9186fec70e7c41c', 'Twilio-Concurrent-Requests': '1', 'Twilio-Request-Id': 'RQ52a68177f66a54f3b35775c9ca2d88b3', 'Twilio-Request-Duration': '0.090', 'X-Home-Region': 'us1', 'X-API-Domain': 'api.twilio.com', 'Strict-Transport-Security': 'max-age=31536000', 'X-Cache': 'Miss from cloudfront', 'Via': '1.1 b66f38a0aa84ff9d1f85daf54ab2c35a.cloudfront.net (CloudFront)', 'X-Amz-Cf-Pop': 'BOM78-P5', 'X-Amz-Cf-Id': 'm0ukzHEtszFTFRHZ-lWxtfDbz7zPGyuSGbirhwPXrTNWuv6eQkyPTg==', 'X-Powered-By': 'AT-5000', 'X-Shenanigans': 'none', 'Vary': 'Origin'}
2025-09-24 20:12:22,793 - twilio.http_client - INFO - -- BEGIN Twilio API Request --
2025-09-24 20:12:22,793 - twilio.http_client - INFO - POST Request: https://api.twilio.com/2010-04-01/Accounts/AC777482e74ecefadaeb3e9b7f99251c02/Calls.json
2025-09-24 20:12:22,793 - twilio.http_client - INFO - Headers:
2025-09-24 20:12:22,793 - twilio.http_client - INFO - User-Agent : twilio-python/8.10.0 (Windows AMD64) Python/3.13.5
2025-09-24 20:12:22,794 - twilio.http_client - INFO - X-Twilio-Client : python-8.10.0
2025-09-24 20:12:22,794 - twilio.http_client - INFO - Accept-Charset : utf-8
2025-09-24 20:12:22,794 - twilio.http_client - INFO - Content-Type : application/x-www-form-urlencoded
2025-09-24 20:12:22,794 - twilio.http_client - INFO - Accept : application/json
2025-09-24 20:12:22,794 - twilio.http_client - INFO - -- END Twilio API Request --
2025-09-24 20:12:24,192 - twilio.http_client - INFO - Response Status Code: 201
2025-09-24 20:12:24,192 - twilio.http_client - INFO - Response Headers: {'Content-Type': 'application/json;charset=utf-8', 'Content-Length': '2011', 'Connection': 'keep-alive', 'Date': 'Wed, 24 Sep 2025 14:42:25 GMT', 'Location': 'https://call-service.us1.svc.twilio.com/v2/Accounts/CA029585806fae4c7b850d4bb234bb70d3', 'Twilio-Concurrent-Requests': '1', 'Twilio-Request-Id': 'RQ0ec997d49df14e4384f2083e1328b006', 'Twilio-Request-Duration': '0.101', 'X-Home-Region': 'us1', 'X-API-Domain': 'api.twilio.com', 'Strict-Transport-Security': 'max-age=31536000', 'X-Cache': 'Miss from cloudfront', 'Via': '1.1 f4bb20c87d16b2dbe5d1a85f19c67294.cloudfront.net (CloudFront)', 'X-Amz-Cf-Pop': 'BOM78-P5', 'X-Amz-Cf-Id': '-eAcs07aH42Ctu3Zw-yKm2bcmUQj_jLmOuefg6kvvoWeiJdoRTD9cw==', 'X-Powered-By': 'AT-5000', 'X-Shenanigans': 'none', 'Vary': 'Origin'}
2025-09-24 21:07:53,009 - twilio.http_client - INFO - -- BEGIN Twilio API Request --
2025-09-24 21:07:53,010 - twilio.http_client - INFO - POST Request: https://api.twilio.com/2010-04-01/Accounts/AC777482e74ecefadaeb3e9b7f99251c02/Calls.json
2025-09-24 21:07:53,010 - twilio.http_client - INFO - Headers:
2025-09-24 21:07:53,010 - twilio.http_client - INFO - User-Agent : twilio-python/8.10.0 (Windows AMD64) Python/3.13.5
2025-09-24 21:07:53,010 - twilio.http_client - INFO - X-Twilio-Client : python-8.10.0
2025-09-24 21:07:53,010 - twilio.http_client - INFO - Accept-Charset : utf-8
2025-09-24 21:07:53,011 - twilio.http_client - INFO - Content-Type : application/x-www-form-urlencoded
2025-09-24 21:07:53,011 - twilio.http_client - INFO - Accept : application/json
2025-09-24 21:07:53,011 - twilio.http_client - INFO - -- END Twilio API Request --
2025-09-24 21:07:54,222 - twilio.http_client - INFO - Response Status Code: 201
2025-09-24 21:07:54,223 - twilio.http_client - INFO - Response Headers: {'Content-Type': 'application/json;charset=utf-8', 'Content-Length': '2011', 'Connection': 'keep-alive', 'Date': 'Wed, 24 Sep 2025 15:37:54 GMT', 'Location': 'https://call-service.us1.svc.twilio.com/v2/Accounts/CAfaecb1476b76dd06758d232788567b00', 'Twilio-Concurrent-Requests': '1', 'Twilio-Request-Id': 'RQ89dac0a66cc2d870c25e33e34fe07ce6', 'Twilio-Request-Duration': '0.105', 'X-Home-Region': 'us1', 'X-API-Domain': 'api.twilio.com', 'Strict-Transport-Security': 'max-age=31536000', 'X-Cache': 'Miss from cloudfront', 'Via': '1.1 b66f38a0aa84ff9d1f85daf54ab2c35a.cloudfront.net (CloudFront)', 'X-Amz-Cf-Pop': 'BOM78-P5', 'X-Amz-Cf-Id': '3bIkQ91Zb1ABWmInBK6jkfiI-4Z6tbNpAEco8z1sugpBrme8kcwz8g==', 'X-Powered-By': 'AT-5000', 'X-Shenanigans': 'none', 'Vary': 'Origin'}
2025-09-24 21:12:31,671 - twilio.http_client - INFO - -- BEGIN Twilio API Request --
2025-09-24 21:12:31,671 - twilio.http_client - INFO - POST Request: https://api.twilio.com/2010-04-01/Accounts/AC777482e74ecefadaeb3e9b7f99251c02/Calls.json
2025-09-24 21:12:31,671 - twilio.http_client - INFO - Headers:
2025-09-24 21:12:31,671 - twilio.http_client - INFO - User-Agent : twilio-python/8.10.0 (Windows AMD64) Python/3.13.5
2025-09-24 21:12:31,672 - twilio.http_client - INFO - X-Twilio-Client : python-8.10.0
2025-09-24 21:12:31,672 - twilio.http_client - INFO - Accept-Charset : utf-8
2025-09-24 21:12:31,672 - twilio.http_client - INFO - Content-Type : application/x-www-form-urlencoded
2025-09-24 21:12:31,672 - twilio.http_client - INFO - Accept : application/json
2025-09-24 21:12:31,672 - twilio.http_client - INFO - -- END Twilio API Request --
2025-09-24 21:12:32,760 - twilio.http_client - INFO - Response Status Code: 201
2025-09-24 21:12:32,761 - twilio.http_client - INFO - Response Headers: {'Content-Type': 'application/json;charset=utf-8', 'Content-Length': '2011', 'Connection': 'keep-alive', 'Date': 'Wed, 24 Sep 2025 15:42:33 GMT', 'Location': 'https://call-service.us1.svc.twilio.com/v2/Accounts/CA4dc227998a95492c2662a86db69c222d', 'Twilio-Concurrent-Requests': '1', 'Twilio-Request-Id': 'RQ5517c43f6b7786b52daf8d20b4a00a12', 'Twilio-Request-Duration': '0.075', 'X-Home-Region': 'us1', 'X-API-Domain': 'api.twilio.com', 'Strict-Transport-Security': 'max-age=31536000', 'X-Cache': 'Miss from cloudfront', 'Via': '1.1 4d72934ee8dc6e546ce338ca9bb0d62e.cloudfront.net (CloudFront)', 'X-Amz-Cf-Pop': 'BOM78-P5', 'X-Amz-Cf-Id': 'NUjmRhktTCZwYFSRYJ1699MePK3H1IMloq1bNHyOV2gsjKaIIIFgSg==', 'X-Powered-By': 'AT-5000', 'X-Shenanigans': 'none', 'Vary': 'Origin'}
2025-09-29 13:31:32,098 - utils - WARNING - Unauthorized admin access attempt
2025-09-29 13:32:52,836 - utils - WARNING - Unauthorized admin access attempt
2025-09-29 13:32:56,686 - utils - WARNING - Unauthorized admin access attempt
2025-09-29 13:32:57,899 - utils - WARNING - Unauthorized admin access attempt
2025-09-29 13:33:03,713 - utils - WARNING - Unauthorized admin access attempt
2025-09-29 13:33:04,813 - utils - WARNING - Unauthorized admin access attempt
2025-10-03 09:19:56,893 - utils - WARNING - Unauthorized admin access attempt
2025-11-18 23:43:06,952 - werkzeug - WARNING -  * Running on all addresses.
   WARNING: This is a development server. Do not use it in a production deployment.
2025-11-18 23:43:06,953 - werkzeug - INFO -  * Running on http://10.130.21.7:5001/ (Press CTRL+C to quit)
2025-11-18 23:43:06,953 - werkzeug - INFO -  * Restarting with stat
2025-11-18 23:43:10,667 - werkzeug - WARNING -  * Debugger is active!
2025-11-18 23:43:10,680 - werkzeug - INFO -  * Debugger PIN: 634-514-635
2025-11-18 23:43:30,387 - werkzeug - INFO - 127.0.0.1 - - [18/Nov/2025 23:43:30] "GET / HTTP/1.1" 200 -
2025-11-18 23:43:30,791 - werkzeug - INFO - 127.0.0.1 - - [18/Nov/2025 23:43:30] "GET /static/images/hero-image.png HTTP/1.1" 200 -
2025-11-18 23:43:30,791 - werkzeug - INFO - 127.0.0.1 - - [18/Nov/2025 23:43:30] "GET /static/css/style.css HTTP/1.1" 200 -
2025-11-18 23:43:31,463 - werkzeug - INFO - 127.0.0.1 - - [18/Nov/2025 23:43:31] "[33mGET /favicon.ico HTTP/1.1[0m" 404 -
2025-11-18 23:43:32,528 - werkzeug - INFO - 127.0.0.1 - - [18/Nov/2025 23:43:32] "GET /signup HTTP/1.1" 200 -
2025-11-18 23:43:32,541 - werkzeug - INFO - 127.0.0.1 - - [18/Nov/2025 23:43:32] "[36mGET /static/css/style.css HTTP/1.1[0m" 304 -
2025-11-18 23:44:13,516 - werkzeug - INFO - 127.0.0.1 - - [18/Nov/2025 23:44:13] "[32mPOST /signup HTTP/1.1[0m" 302 -
2025-11-18 23:44:13,525 - werkzeug - INFO - 127.0.0.1 - - [18/Nov/2025 23:44:13] "GET /login HTTP/1.1" 200 -
2025-11-18 23:44:13,544 - werkzeug - INFO - 127.0.0.1 - - [18/Nov/2025 23:44:13] "[36mGET /static/css/style.css HTTP/1.1[0m" 304 -
